events: Ticks
summary: 43295
fi=/home/magikmw/projekty/warden/main/thirdparty/libtcodpy.py
fn=image_blit_2x /home/magikmw/projekty/warden/main/thirdparty/libtcodpy.py:1086
1086 68
cfn=__getattr__ /usr/lib/python2.7/ctypes/__init__.py:363
cfi=/usr/lib/python2.7/ctypes/__init__.py
calls=1 363
1086 0

fi=/home/magikmw/projekty/warden/main/thirdparty/libtcodpy.py
fn=Mouse /home/magikmw/projekty/warden/main/thirdparty/libtcodpy.py:1098
1098 0

fi=/home/magikmw/projekty/warden/main/thirdparty/libtcodpy.py
fn=Dice /home/magikmw/projekty/warden/main/thirdparty/libtcodpy.py:1143
1143 0

fi=/home/magikmw/projekty/warden/main/thirdparty/libtcodpy.py
fn=_CValue /home/magikmw/projekty/warden/main/thirdparty/libtcodpy.py:1154
1154 0

fi=/home/magikmw/projekty/warden/main/thirdparty/libtcodpy.py
fn=_CParserListener /home/magikmw/projekty/warden/main/thirdparty/libtcodpy.py:1168
1168 0

fi=/home/magikmw/projekty/warden/main/thirdparty/libtcodpy.py
fn=random_get_int /home/magikmw/projekty/warden/main/thirdparty/libtcodpy.py:1350
1350 67
cfn=__getattr__ /usr/lib/python2.7/ctypes/__init__.py:363
cfi=/usr/lib/python2.7/ctypes/__init__.py
calls=1 363
1350 0

fi=/home/magikmw/projekty/warden/main/thirdparty/libtcodpy.py
fn=random_get_float /home/magikmw/projekty/warden/main/thirdparty/libtcodpy.py:1353
1353 0

fi=/home/magikmw/projekty/warden/main/thirdparty/libtcodpy.py
fn=map_new /home/magikmw/projekty/warden/main/thirdparty/libtcodpy.py:1445
1445 0
cfn=__getattr__ /usr/lib/python2.7/ctypes/__init__.py:363
cfi=/usr/lib/python2.7/ctypes/__init__.py
calls=1 363
1445 0

fi=/home/magikmw/projekty/warden/main/thirdparty/libtcodpy.py
fn=map_set_properties /home/magikmw/projekty/warden/main/thirdparty/libtcodpy.py:1451
1451 296
cfn=__getattr__ /usr/lib/python2.7/ctypes/__init__.py:363
cfi=/usr/lib/python2.7/ctypes/__init__.py
calls=1 363
1451 0

fi=/home/magikmw/projekty/warden/main/thirdparty/libtcodpy.py
fn=map_compute_fov /home/magikmw/projekty/warden/main/thirdparty/libtcodpy.py:1457
1457 12
cfn=__getattr__ /usr/lib/python2.7/ctypes/__init__.py:363
cfi=/usr/lib/python2.7/ctypes/__init__.py
calls=1 363
1457 0

fi=/home/magikmw/projekty/warden/main/thirdparty/libtcodpy.py
fn=map_is_in_fov /home/magikmw/projekty/warden/main/thirdparty/libtcodpy.py:1460
1460 4408

fi=/home/magikmw/projekty/warden/main/thirdparty/libtcodpy.py
fn=dijkstra_new /home/magikmw/projekty/warden/main/thirdparty/libtcodpy.py:1540
1540 0
cfn=__getattr__ /usr/lib/python2.7/ctypes/__init__.py:363
cfi=/usr/lib/python2.7/ctypes/__init__.py
calls=1 363
1540 0

fi=/home/magikmw/projekty/warden/main/thirdparty/libtcodpy.py
fn=dijkstra_compute /home/magikmw/projekty/warden/main/thirdparty/libtcodpy.py:1548
1548 77
cfn=__getattr__ /usr/lib/python2.7/ctypes/__init__.py:363
cfi=/usr/lib/python2.7/ctypes/__init__.py
calls=1 363
1548 0

fi=/home/magikmw/projekty/warden/main/thirdparty/libtcodpy.py
fn=dijkstra_path_set /home/magikmw/projekty/warden/main/thirdparty/libtcodpy.py:1551
1551 1

fi=/home/magikmw/projekty/warden/main/thirdparty/libtcodpy.py
fn=dijkstra_get /home/magikmw/projekty/warden/main/thirdparty/libtcodpy.py:1563
1563 2
cfn=__getattr__ /usr/lib/python2.7/ctypes/__init__.py:363
cfi=/usr/lib/python2.7/ctypes/__init__.py
calls=1 363
1563 0
cfn=('~', 0, '<_ctypes.byref>')
cfi=~
calls=178 0
1563 0

fi=/home/magikmw/projekty/warden/main/thirdparty/libtcodpy.py
fn=_CBsp /home/magikmw/projekty/warden/main/thirdparty/libtcodpy.py:1585
1585 0

fi=/home/magikmw/projekty/warden/main/thirdparty/libtcodpy.py
fn=Bsp /home/magikmw/projekty/warden/main/thirdparty/libtcodpy.py:1609
1609 0

fi=/home/magikmw/projekty/warden/main/thirdparty/libtcodpy.py
fn=_CHeightMap /home/magikmw/projekty/warden/main/thirdparty/libtcodpy.py:1723
1723 0
cfn=('~', 0, '<_ctypes.POINTER>')
cfi=~
calls=1 0
1723 0

fi=/home/magikmw/projekty/warden/main/thirdparty/libtcodpy.py
fn=HeightMap /home/magikmw/projekty/warden/main/thirdparty/libtcodpy.py:1733
1733 0

fi=/home/magikmw/projekty/warden/main/thirdparty/libtcodpy.py
fn=<module> /home/magikmw/projekty/warden/main/thirdparty/libtcodpy.py:28
28 22
cfn=('~', 0, "<method 'find' of 'str' objects>")
cfi=~
calls=1 0
28 0
cfn=CFUNCTYPE /usr/lib/python2.7/ctypes/__init__.py:78
cfi=/usr/lib/python2.7/ctypes/__init__.py
calls=6 78
28 1
cfn=Key /home/magikmw/projekty/warden/main/thirdparty/libtcodpy.py:372
cfi=/home/magikmw/projekty/warden/main/thirdparty/libtcodpy.py
calls=1 372
28 0
cfn=('~', 0, '<hasattr>')
cfi=~
calls=1 0
28 0
cfn=Color /home/magikmw/projekty/warden/main/thirdparty/libtcodpy.py:75
cfi=/home/magikmw/projekty/warden/main/thirdparty/libtcodpy.py
calls=1 75
28 0
cfn=__getattr__ /usr/lib/python2.7/ctypes/__init__.py:363
cfi=/usr/lib/python2.7/ctypes/__init__.py
calls=61 363
28 3
cfn=ConsoleBuffer /home/magikmw/projekty/warden/main/thirdparty/libtcodpy.py:383
cfi=/home/magikmw/projekty/warden/main/thirdparty/libtcodpy.py
calls=1 383
28 0
cfn=Mouse /home/magikmw/projekty/warden/main/thirdparty/libtcodpy.py:1098
cfi=/home/magikmw/projekty/warden/main/thirdparty/libtcodpy.py
calls=1 1098
28 0
cfn=Dice /home/magikmw/projekty/warden/main/thirdparty/libtcodpy.py:1143
cfi=/home/magikmw/projekty/warden/main/thirdparty/libtcodpy.py
calls=1 1143
28 0
cfn=_CValue /home/magikmw/projekty/warden/main/thirdparty/libtcodpy.py:1154
cfi=/home/magikmw/projekty/warden/main/thirdparty/libtcodpy.py
calls=1 1154
28 0
cfn=_CParserListener /home/magikmw/projekty/warden/main/thirdparty/libtcodpy.py:1168
cfi=/home/magikmw/projekty/warden/main/thirdparty/libtcodpy.py
calls=1 1168
28 0
cfn=_CBsp /home/magikmw/projekty/warden/main/thirdparty/libtcodpy.py:1585
cfi=/home/magikmw/projekty/warden/main/thirdparty/libtcodpy.py
calls=1 1585
28 0
cfn=Bsp /home/magikmw/projekty/warden/main/thirdparty/libtcodpy.py:1609
cfi=/home/magikmw/projekty/warden/main/thirdparty/libtcodpy.py
calls=1 1609
28 0
cfn=_CHeightMap /home/magikmw/projekty/warden/main/thirdparty/libtcodpy.py:1723
cfi=/home/magikmw/projekty/warden/main/thirdparty/libtcodpy.py
calls=1 1723
28 0
cfn=HeightMap /home/magikmw/projekty/warden/main/thirdparty/libtcodpy.py:1733
cfi=/home/magikmw/projekty/warden/main/thirdparty/libtcodpy.py
calls=1 1733
28 0
cfn=__getitem__ /usr/lib/python2.7/ctypes/__init__.py:427
cfi=/usr/lib/python2.7/ctypes/__init__.py
calls=1 427
28 118
cfn=<module> /usr/lib/python2.7/ctypes/__init__.py:4
cfi=/usr/lib/python2.7/ctypes/__init__.py
calls=1 4
28 11
cfn=('~', 0, '<_ctypes.POINTER>')
cfi=~
calls=6 0
28 0

fi=/usr/lib/python2.7/ctypes/__init__.py
fn=CFunctionType /usr/lib/python2.7/ctypes/__init__.py:104
104 0

fi=/usr/lib/python2.7/ctypes/__init__.py
fn=CFUNCTYPE /usr/lib/python2.7/ctypes/__init__.py:78
78 1
cfn=('~', 0, "<method 'pop' of 'dict' objects>")
cfi=~
calls=18 0
78 0
cfn=CFunctionType /usr/lib/python2.7/ctypes/__init__.py:104
cfi=/usr/lib/python2.7/ctypes/__init__.py
calls=9 104
78 0

fi=/usr/lib/python2.7/ctypes/__init__.py
fn=_check_size /usr/lib/python2.7/ctypes/__init__.py:147
147 0
cfn=('~', 0, '<_ctypes.sizeof>')
cfi=~
calls=14 0
147 0
cfn=('~', 0, '<_struct.calcsize>')
cfi=~
calls=14 0
147 0

fi=/usr/lib/python2.7/ctypes/__init__.py
fn=py_object /usr/lib/python2.7/ctypes/__init__.py:159
159 0

fi=/usr/lib/python2.7/ctypes/__init__.py
fn=c_short /usr/lib/python2.7/ctypes/__init__.py:168
168 0

fi=/usr/lib/python2.7/ctypes/__init__.py
fn=c_ushort /usr/lib/python2.7/ctypes/__init__.py:172
172 0

fi=/usr/lib/python2.7/ctypes/__init__.py
fn=c_long /usr/lib/python2.7/ctypes/__init__.py:176
176 0

fi=/usr/lib/python2.7/ctypes/__init__.py
fn=c_ulong /usr/lib/python2.7/ctypes/__init__.py:180
180 0

fi=/usr/lib/python2.7/ctypes/__init__.py
fn=c_float /usr/lib/python2.7/ctypes/__init__.py:197
197 0

fi=/usr/lib/python2.7/ctypes/__init__.py
fn=c_double /usr/lib/python2.7/ctypes/__init__.py:201
201 0

fi=/usr/lib/python2.7/ctypes/__init__.py
fn=c_longdouble /usr/lib/python2.7/ctypes/__init__.py:205
205 0

fi=/usr/lib/python2.7/ctypes/__init__.py
fn=c_longlong /usr/lib/python2.7/ctypes/__init__.py:215
215 0

fi=/usr/lib/python2.7/ctypes/__init__.py
fn=c_ulonglong /usr/lib/python2.7/ctypes/__init__.py:219
219 0

fi=/usr/lib/python2.7/ctypes/__init__.py
fn=c_ubyte /usr/lib/python2.7/ctypes/__init__.py:226
226 0

fi=/usr/lib/python2.7/ctypes/__init__.py
fn=c_byte /usr/lib/python2.7/ctypes/__init__.py:233
233 0

fi=/usr/lib/python2.7/ctypes/__init__.py
fn=c_char /usr/lib/python2.7/ctypes/__init__.py:238
238 0

fi=/usr/lib/python2.7/ctypes/__init__.py
fn=c_void_p /usr/lib/python2.7/ctypes/__init__.py:255
255 0

fi=/usr/lib/python2.7/ctypes/__init__.py
fn=c_char_p /usr/lib/python2.7/ctypes/__init__.py:243
243 0

fi=/usr/lib/python2.7/ctypes/__init__.py
fn=c_bool /usr/lib/python2.7/ctypes/__init__.py:260
260 0

fi=/usr/lib/python2.7/ctypes/__init__.py
fn=c_wchar_p /usr/lib/python2.7/ctypes/__init__.py:275
275 0

fi=/usr/lib/python2.7/ctypes/__init__.py
fn=c_wchar /usr/lib/python2.7/ctypes/__init__.py:278
278 0

fi=/usr/lib/python2.7/ctypes/__init__.py
fn=_FuncPtr /usr/lib/python2.7/ctypes/__init__.py:347
347 0

fi=/usr/lib/python2.7/ctypes/__init__.py
fn=__init__ /usr/lib/python2.7/ctypes/__init__.py:337
337 0
cfn=('~', 0, '<_ctypes.dlopen>')
cfi=~
calls=2 0
337 118
cfn=_FuncPtr /usr/lib/python2.7/ctypes/__init__.py:347
cfi=/usr/lib/python2.7/ctypes/__init__.py
calls=2 347
337 0

fi=/usr/lib/python2.7/ctypes/__init__.py
fn=__getattr__ /usr/lib/python2.7/ctypes/__init__.py:363
363 1
cfn=('~', 0, "<method 'startswith' of 'str' objects>")
cfi=~
calls=88 0
363 0
cfn=__getitem__ /usr/lib/python2.7/ctypes/__init__.py:370
cfi=/usr/lib/python2.7/ctypes/__init__.py
calls=88 370
363 4
cfn=('~', 0, '<setattr>')
cfi=~
calls=88 0
363 0

fi=/usr/lib/python2.7/ctypes/__init__.py
fn=__getitem__ /usr/lib/python2.7/ctypes/__init__.py:370
370 3
cfn=('~', 0, '<isinstance>')
cfi=~
calls=88 0
370 0

fi=/usr/lib/python2.7/ctypes/__init__.py
fn=CDLL /usr/lib/python2.7/ctypes/__init__.py:320
320 0

fi=/usr/lib/python2.7/ctypes/__init__.py
fn=PyDLL /usr/lib/python2.7/ctypes/__init__.py:376
376 0

fi=/usr/lib/python2.7/ctypes/__init__.py
fn=__init__ /usr/lib/python2.7/ctypes/__init__.py:417
417 0

fi=/usr/lib/python2.7/ctypes/__init__.py
fn=__getattr__ /usr/lib/python2.7/ctypes/__init__.py:420
420 0
cfn=__init__ /usr/lib/python2.7/ctypes/__init__.py:337
cfi=/usr/lib/python2.7/ctypes/__init__.py
calls=1 337
420 118
cfn=('~', 0, '<setattr>')
cfi=~
calls=1 0
420 0

fi=/usr/lib/python2.7/ctypes/__init__.py
fn=__getitem__ /usr/lib/python2.7/ctypes/__init__.py:427
427 0
cfn=('~', 0, '<getattr>')
cfi=~
calls=1 0
427 118

fi=/usr/lib/python2.7/ctypes/__init__.py
fn=LibraryLoader /usr/lib/python2.7/ctypes/__init__.py:416
416 0

fi=/usr/lib/python2.7/ctypes/__init__.py
fn=CFunctionType /usr/lib/python2.7/ctypes/__init__.py:484
484 0

fi=/usr/lib/python2.7/ctypes/__init__.py
fn=PYFUNCTYPE /usr/lib/python2.7/ctypes/__init__.py:483
483 0
cfn=CFunctionType /usr/lib/python2.7/ctypes/__init__.py:484
cfi=/usr/lib/python2.7/ctypes/__init__.py
calls=3 484
483 0

fi=/usr/lib/python2.7/ctypes/__init__.py
fn=<module> /usr/lib/python2.7/ctypes/__init__.py:4
4 8
cfn=('~', 0, '<_ctypes.sizeof>')
cfi=~
calls=20 0
4 0
cfn=PyDLL /usr/lib/python2.7/ctypes/__init__.py:376
cfi=/usr/lib/python2.7/ctypes/__init__.py
calls=1 376
4 0
cfn=LibraryLoader /usr/lib/python2.7/ctypes/__init__.py:416
cfi=/usr/lib/python2.7/ctypes/__init__.py
calls=1 416
4 0
cfn=CFUNCTYPE /usr/lib/python2.7/ctypes/__init__.py:78
cfi=/usr/lib/python2.7/ctypes/__init__.py
calls=3 78
4 0
cfn=c_longlong /usr/lib/python2.7/ctypes/__init__.py:215
cfi=/usr/lib/python2.7/ctypes/__init__.py
calls=1 215
4 0
cfn=c_ulonglong /usr/lib/python2.7/ctypes/__init__.py:219
cfi=/usr/lib/python2.7/ctypes/__init__.py
calls=1 219
4 0
cfn=('~', 0, '<_struct.calcsize>')
cfi=~
calls=4 0
4 0
cfn=PYFUNCTYPE /usr/lib/python2.7/ctypes/__init__.py:483
cfi=/usr/lib/python2.7/ctypes/__init__.py
calls=3 483
4 0
cfn=c_long /usr/lib/python2.7/ctypes/__init__.py:176
cfi=/usr/lib/python2.7/ctypes/__init__.py
calls=1 176
4 0
cfn=c_double /usr/lib/python2.7/ctypes/__init__.py:201
cfi=/usr/lib/python2.7/ctypes/__init__.py
calls=1 201
4 0
cfn=c_longdouble /usr/lib/python2.7/ctypes/__init__.py:205
cfi=/usr/lib/python2.7/ctypes/__init__.py
calls=1 205
4 0
cfn=c_ubyte /usr/lib/python2.7/ctypes/__init__.py:226
cfi=/usr/lib/python2.7/ctypes/__init__.py
calls=1 226
4 0
cfn=c_byte /usr/lib/python2.7/ctypes/__init__.py:233
cfi=/usr/lib/python2.7/ctypes/__init__.py
calls=1 233
4 0
cfn=c_char /usr/lib/python2.7/ctypes/__init__.py:238
cfi=/usr/lib/python2.7/ctypes/__init__.py
calls=1 238
4 0
cfn=c_char_p /usr/lib/python2.7/ctypes/__init__.py:243
cfi=/usr/lib/python2.7/ctypes/__init__.py
calls=1 243
4 0
cfn=py_object /usr/lib/python2.7/ctypes/__init__.py:159
cfi=/usr/lib/python2.7/ctypes/__init__.py
calls=1 159
4 0
cfn=c_short /usr/lib/python2.7/ctypes/__init__.py:168
cfi=/usr/lib/python2.7/ctypes/__init__.py
calls=1 168
4 0
cfn=c_void_p /usr/lib/python2.7/ctypes/__init__.py:255
cfi=/usr/lib/python2.7/ctypes/__init__.py
calls=1 255
4 0
cfn=c_bool /usr/lib/python2.7/ctypes/__init__.py:260
cfi=/usr/lib/python2.7/ctypes/__init__.py
calls=1 260
4 0
cfn=('~', 0, '<_ctypes.set_conversion_mode>')
cfi=~
calls=1 0
4 0
cfn=c_wchar_p /usr/lib/python2.7/ctypes/__init__.py:275
cfi=/usr/lib/python2.7/ctypes/__init__.py
calls=1 275
4 0
cfn=c_wchar /usr/lib/python2.7/ctypes/__init__.py:278
cfi=/usr/lib/python2.7/ctypes/__init__.py
calls=1 278
4 0
cfn=CDLL /usr/lib/python2.7/ctypes/__init__.py:320
cfi=/usr/lib/python2.7/ctypes/__init__.py
calls=1 320
4 0
cfn=__init__ /usr/lib/python2.7/ctypes/__init__.py:417
cfi=/usr/lib/python2.7/ctypes/__init__.py
calls=2 417
4 0
cfn=__init__ /usr/lib/python2.7/ctypes/__init__.py:337
cfi=/usr/lib/python2.7/ctypes/__init__.py
calls=1 337
4 0
cfn=c_ulong /usr/lib/python2.7/ctypes/__init__.py:180
cfi=/usr/lib/python2.7/ctypes/__init__.py
calls=1 180
4 0
cfn=c_float /usr/lib/python2.7/ctypes/__init__.py:197
cfi=/usr/lib/python2.7/ctypes/__init__.py
calls=1 197
4 0
cfn=('~', 0, '<_ctypes.POINTER>')
cfi=~
calls=2 0
4 0
cfn=c_ushort /usr/lib/python2.7/ctypes/__init__.py:172
cfi=/usr/lib/python2.7/ctypes/__init__.py
calls=1 172
4 0
cfn=<module> /usr/lib/python2.7/ctypes/_endian.py:4
cfi=/usr/lib/python2.7/ctypes/_endian.py
calls=1 4
4 0
cfn=_check_size /usr/lib/python2.7/ctypes/__init__.py:147
cfi=/usr/lib/python2.7/ctypes/__init__.py
calls=14 147
4 0

fi=/usr/lib/python2.7/ctypes/_endian.py
fn=_swapped_meta /usr/lib/python2.7/ctypes/_endian.py:22
22 0

fi=/usr/lib/python2.7/ctypes/_endian.py
fn=BigEndianStructure /usr/lib/python2.7/ctypes/_endian.py:45
45 0

fi=/usr/lib/python2.7/ctypes/_endian.py
fn=<module> /usr/lib/python2.7/ctypes/_endian.py:4
4 0
cfn=_swapped_meta /usr/lib/python2.7/ctypes/_endian.py:22
cfi=/usr/lib/python2.7/ctypes/_endian.py
calls=1 22
4 0
cfn=BigEndianStructure /usr/lib/python2.7/ctypes/_endian.py:45
cfi=/usr/lib/python2.7/ctypes/_endian.py
calls=1 45
4 0

fi=~
fn=('~', 0, '<built-in method now>')
0  0

fi=~
fn=('~', 0, '<math.atan>')
0  0

fi=~
fn=('~', 0, '<math.sqrt>')
0  0

fi=~
fn=('~', 0, '<_ctypes.POINTER>')
0  0

fi=~
fn=('~', 0, '<_ctypes.set_conversion_mode>')
0  0

fi=~
fn=('~', 0, '<_ctypes.dlopen>')
0  118

fi=~
fn=('~', 0, '<_ctypes.sizeof>')
0  0

fi=~
fn=('~', 0, '<_ctypes.byref>')
0  8

fi=~
fn=('~', 0, "<method 'disable' of '_lsprof.Profiler' objects>")
0  0

fi=~
fn=('~', 0, '<_struct.calcsize>')
0  0

fi=__main__.py
fn=Tile __main__.py:167
167 0

fi=__main__.py
fn=intersect __main__.py:192
192 0

fi=__main__.py
fn=__init__ __main__.py:180
180 0

fi=__main__.py
fn=center __main__.py:187
187 0

fi=__main__.py
fn=Rect __main__.py:178
178 0

fi=__main__.py
fn=__init__ __main__.py:198
198 2

fi=__main__.py
fn=move __main__.py:219
219 69
cfn=is_blocked __main__.py:975
cfi=__main__.py
calls=7323 975
219 281

fi=__main__.py
fn=move_towards __main__.py:225
225 2
cfn=move __main__.py:219
cfi=__main__.py
calls=76 219
225 4
cfn=('~', 0, '<math.sqrt>')
cfi=~
calls=76 0
225 0
cfn=('~', 0, '<round>')
cfi=~
calls=152 0
225 1

fi=__main__.py
fn=is_cardinal __main__.py:237
237 0
cfn=('~', 0, '<math.sqrt>')
cfi=~
calls=11 0
237 0
cfn=('~', 0, '<round>')
cfi=~
calls=22 0
237 0

fi=__main__.py
fn=distance_to __main__.py:259
259 1
cfn=('~', 0, '<math.sqrt>')
cfi=~
calls=84 0
259 0

fi=__main__.py
fn=draw __main__.py:266
266 533
cfn=console_set_default_foreground /home/magikmw/projekty/warden/main/thirdparty/libtcodpy.py:705
cfi=/home/magikmw/projekty/warden/main/thirdparty/libtcodpy.py
calls=7755 705
266 76
cfn=console_put_char /home/magikmw/projekty/warden/main/thirdparty/libtcodpy.py:711
cfi=/home/magikmw/projekty/warden/main/thirdparty/libtcodpy.py
calls=7755 711
266 142
cfn=map_is_in_fov /home/magikmw/projekty/warden/main/thirdparty/libtcodpy.py:1460
cfi=/home/magikmw/projekty/warden/main/thirdparty/libtcodpy.py
calls=44702 1460
266 413

fi=__main__.py
fn=clear __main__.py:275
275 631
cfn=map_is_in_fov /home/magikmw/projekty/warden/main/thirdparty/libtcodpy.py:1460
cfi=/home/magikmw/projekty/warden/main/thirdparty/libtcodpy.py
calls=86983 1460
275 711
cfn=console_put_char_ex /home/magikmw/projekty/warden/main/thirdparty/libtcodpy.py:717
cfi=/home/magikmw/projekty/warden/main/thirdparty/libtcodpy.py
calls=2494 717
275 66

fi=__main__.py
fn=send_to_back __main__.py:282
282 0
cfn=('~', 0, "<method 'remove' of 'list' objects>")
cfi=~
calls=20 0
282 8
cfn=('~', 0, "<method 'insert' of 'list' objects>")
cfi=~
calls=20 0
282 0

fi=__main__.py
fn=Object __main__.py:196
196 0

fi=__main__.py
fn=__init__ __main__.py:298
298 0

fi=__main__.py
fn=take_damage __main__.py:307
307 0
cfn=monster_death __main__.py:1008
cfi=__main__.py
calls=18 1008
307 15

fi=__main__.py
fn=attack __main__.py:319
319 2
cfn=('~', 0, "<method 'capitalize' of 'str' objects>")
cfi=~
calls=32 0
319 0
cfn=random_get_int /home/magikmw/projekty/warden/main/thirdparty/libtcodpy.py:1350
cfi=/home/magikmw/projekty/warden/main/thirdparty/libtcodpy.py
calls=18 1350
319 0
cfn=message __main__.py:1079
cfi=__main__.py
calls=32 1079
319 15
cfn=tire_down __main__.py:366
cfi=__main__.py
calls=10 366
319 0
cfn=('~', 0, '<math.atan>')
cfi=~
calls=32 0
319 0
cfn=random_get_float /home/magikmw/projekty/warden/main/thirdparty/libtcodpy.py:1353
cfi=/home/magikmw/projekty/warden/main/thirdparty/libtcodpy.py
calls=32 1353
319 0
cfn=rest __main__.py:359
cfi=__main__.py
calls=21 359
319 0
cfn=take_damage __main__.py:307
cfi=__main__.py
calls=21 307
319 16

fi=__main__.py
fn=rest __main__.py:359
359 0

fi=__main__.py
fn=tire_down __main__.py:366
366 1

fi=__main__.py
fn=Fighter __main__.py:297
297 0

fi=__main__.py
fn=__init__ __main__.py:388
388 0

fi=__main__.py
fn=take_turn __main__.py:393
393 324
cfn=is_blocked __main__.py:975
cfi=__main__.py
calls=78 975
393 4
cfn=is_cardinal __main__.py:237
cfi=__main__.py
calls=11 237
393 0
cfn=map_set_properties /home/magikmw/projekty/warden/main/thirdparty/libtcodpy.py:1451
cfi=/home/magikmw/projekty/warden/main/thirdparty/libtcodpy.py
calls=14424 1451
393 249
cfn=map_is_in_fov /home/magikmw/projekty/warden/main/thirdparty/libtcodpy.py:1460
cfi=/home/magikmw/projekty/warden/main/thirdparty/libtcodpy.py
calls=7217 1460
393 68
cfn=move __main__.py:219
cfi=__main__.py
calls=7125 219
393 338
cfn=random_step __main__.py:1340
cfi=__main__.py
calls=7125 1340
393 142
cfn=dijkstra_compute /home/magikmw/projekty/warden/main/thirdparty/libtcodpy.py:1548
cfi=/home/magikmw/projekty/warden/main/thirdparty/libtcodpy.py
calls=89 1548
393 77
cfn=dijkstra_path_set /home/magikmw/projekty/warden/main/thirdparty/libtcodpy.py:1551
cfi=/home/magikmw/projekty/warden/main/thirdparty/libtcodpy.py
calls=89 1551
393 1
cfn=dijkstra_get /home/magikmw/projekty/warden/main/thirdparty/libtcodpy.py:1563
cfi=/home/magikmw/projekty/warden/main/thirdparty/libtcodpy.py
calls=89 1563
393 3
cfn=distance_to __main__.py:259
cfi=__main__.py
calls=84 259
393 1
cfn=move_towards __main__.py:225
cfi=__main__.py
calls=76 225
393 9
cfn=attack __main__.py:319
cfi=__main__.py
calls=11 319
393 6

fi=__main__.py
fn=Pathfinder __main__.py:387
387 0

fi=__main__.py
fn=ConfusedMonster __main__.py:442
442 0

fi=__main__.py
fn=__init__ __main__.py:463
463 0

fi=__main__.py
fn=Item __main__.py:462
462 0

fi=__main__.py
fn=create_room __main__.py:525
525 1
cfn=('~', 0, '<range>')
cfi=~
calls=112 0
525 0

fi=__main__.py
fn=create_h_tunnel __main__.py:533
533 0
cfn=('~', 0, '<range>')
cfi=~
calls=15 0
533 0
cfn=('~', 0, '<min>')
cfi=~
calls=15 0
533 0
cfn=('~', 0, '<max>')
cfi=~
calls=15 0
533 0

fi=__main__.py
fn=create_v_tunnel __main__.py:540
540 0
cfn=('~', 0, '<range>')
cfi=~
calls=15 0
540 0
cfn=('~', 0, '<min>')
cfi=~
calls=15 0
540 0
cfn=('~', 0, '<max>')
cfi=~
calls=15 0
540 0

fi=__main__.py
fn=make_map __main__.py:547
547 30
cfn=__init__ __main__.py:198
cfi=__main__.py
calls=1 198
547 0
cfn=('~', 0, '<range>')
cfi=~
calls=82 0
547 0
cfn=random_get_int /home/magikmw/projekty/warden/main/thirdparty/libtcodpy.py:1350
cfi=/home/magikmw/projekty/warden/main/thirdparty/libtcodpy.py
calls=175 1350
547 1
cfn=__init__ __main__.py:169
cfi=__main__.py
calls=3200 169
547 15
cfn=create_room __main__.py:525
cfi=__main__.py
calls=16 525
547 2
cfn=__init__ __main__.py:180
cfi=__main__.py
calls=40 180
547 0
cfn=place_objects __main__.py:640
cfi=__main__.py
calls=16 640
547 12
cfn=center __main__.py:187
cfi=__main__.py
calls=31 187
547 0
cfn=('~', 0, "<method 'append' of 'list' objects>")
cfi=~
calls=17 0
547 0
cfn=intersect __main__.py:192
cfi=__main__.py
calls=252 192
547 0
cfn=create_v_tunnel __main__.py:540
cfi=__main__.py
calls=15 540
547 0
cfn=create_h_tunnel __main__.py:533
cfi=__main__.py
calls=15 533
547 1
cfn=__init__ __main__.py:463
cfi=__main__.py
calls=1 463
547 0
cfn=send_to_back __main__.py:282
cfi=__main__.py
calls=1 282
547 1

fi=__main__.py
fn=place_objects __main__.py:640
640 4
cfn=('~', 0, '<len>')
cfi=~
calls=1 0
640 0
cfn=__init__ __main__.py:298
cfi=__main__.py
calls=59 298
640 0
cfn=__mul__ /home/magikmw/projekty/warden/main/thirdparty/libtcodpy.py:84
cfi=/home/magikmw/projekty/warden/main/thirdparty/libtcodpy.py
calls=31 84
640 0
cfn=__init__ __main__.py:198
cfi=__main__.py
calls=60 198
640 2
cfn=('~', 0, '<range>')
cfi=~
calls=15 0
640 0
cfn=random_get_int /home/magikmw/projekty/warden/main/thirdparty/libtcodpy.py:1350
cfi=/home/magikmw/projekty/warden/main/thirdparty/libtcodpy.py
calls=208 1350
640 1
cfn=('~', 0, "<method 'append' of 'list' objects>")
cfi=~
calls=60 0
640 0
cfn=is_blocked __main__.py:975
cfi=__main__.py
calls=65 975
640 1
cfn=__init__ __main__.py:388
cfi=__main__.py
calls=59 388
640 0
cfn=__init__ __main__.py:463
cfi=__main__.py
calls=1 463
640 0
cfn=send_to_back __main__.py:282
cfi=__main__.py
calls=1 282
640 0

fi=__main__.py
fn=render_all __main__.py:715
715 5005
cfn=console_hline /home/magikmw/projekty/warden/main/thirdparty/libtcodpy.py:765
cfi=/home/magikmw/projekty/warden/main/thirdparty/libtcodpy.py
calls=721 765
715 13
cfn=('~', 0, "<method 'capitalize' of 'str' objects>")
cfi=~
calls=721 0
715 3
cfn=render_bar __main__.py:1056
cfi=__main__.py
calls=1442 1056
715 225
cfn=console_set_default_foreground /home/magikmw/projekty/warden/main/thirdparty/libtcodpy.py:705
cfi=/home/magikmw/projekty/warden/main/thirdparty/libtcodpy.py
calls=7509 705
715 70
cfn=console_print_ex /home/magikmw/projekty/warden/main/thirdparty/libtcodpy.py:750
cfi=/home/magikmw/projekty/warden/main/thirdparty/libtcodpy.py
calls=8303 750
715 122
cfn=('~', 0, '<len>')
cfi=~
calls=721 0
715 2
cfn=console_set_default_background /home/magikmw/projekty/warden/main/thirdparty/libtcodpy.py:702
cfi=/home/magikmw/projekty/warden/main/thirdparty/libtcodpy.py
calls=721 702
715 9
cfn=console_blit /home/magikmw/projekty/warden/main/thirdparty/libtcodpy.py:833
cfi=/home/magikmw/projekty/warden/main/thirdparty/libtcodpy.py
calls=1442 833
715 441
cfn=__mul__ /home/magikmw/projekty/warden/main/thirdparty/libtcodpy.py:84
cfi=/home/magikmw/projekty/warden/main/thirdparty/libtcodpy.py
calls=4816 84
715 134
cfn=('~', 0, '<range>')
cfi=~
calls=10086 0
715 86
cfn=console_clear /home/magikmw/projekty/warden/main/thirdparty/libtcodpy.py:708
cfi=/home/magikmw/projekty/warden/main/thirdparty/libtcodpy.py
calls=721 708
715 28
cfn=map_compute_fov /home/magikmw/projekty/warden/main/thirdparty/libtcodpy.py:1457
cfi=/home/magikmw/projekty/warden/main/thirdparty/libtcodpy.py
calls=123 1457
715 12
cfn=draw __main__.py:266
cfi=__main__.py
calls=44702 266
715 1166
cfn=map_is_in_fov /home/magikmw/projekty/warden/main/thirdparty/libtcodpy.py:1460
cfi=/home/magikmw/projekty/warden/main/thirdparty/libtcodpy.py
calls=393600 1460
715 3069
cfn=console_put_char_ex /home/magikmw/projekty/warden/main/thirdparty/libtcodpy.py:717
cfi=/home/magikmw/projekty/warden/main/thirdparty/libtcodpy.py
calls=45271 717
715 804
cfn=get_names_under_mouse __main__.py:1091
cfi=__main__.py
calls=721 1091
715 146

fi=__main__.py
fn=handle_keys __main__.py:808
808 37
cfn=('~', 0, '<chr>')
cfi=~
calls=721 0
808 6
cfn=('~', 0, '<built-in method now>')
cfi=~
calls=1 0
808 0
cfn=('~', 0, '<open>')
cfi=~
calls=1 0
808 0
cfn=('~', 0, "<method 'write' of 'file' objects>")
cfi=~
calls=1 0
808 0
cfn=('~', 0, "<method 'close' of 'file' objects>")
cfi=~
calls=1 0
808 0
cfn=console_check_for_keypress /home/magikmw/projekty/warden/main/thirdparty/libtcodpy.py:808
cfi=/home/magikmw/projekty/warden/main/thirdparty/libtcodpy.py
calls=721 808
808 73
cfn=player_move_or_attack __main__.py:932
cfi=__main__.py
calls=145 932
808 149

fi=__main__.py
fn=player_move_or_attack __main__.py:932
932 82
cfn=('~', 0, '<len>')
cfi=~
calls=122 0
932 0
cfn=is_blocked __main__.py:975
cfi=__main__.py
calls=124 975
932 6
cfn=message __main__.py:1079
cfi=__main__.py
calls=19 1079
932 13
cfn=move __main__.py:219
cfi=__main__.py
calls=122 219
932 7
cfn=get_names_player_tile __main__.py:1115
cfi=__main__.py
calls=122 1115
932 10
cfn=attack __main__.py:319
cfi=__main__.py
calls=21 319
932 28

fi=__main__.py
fn=is_blocked __main__.py:975
975 294

fi=__main__.py
fn=monster_death __main__.py:1008
1008 0
cfn=('~', 0, "<method 'capitalize' of 'str' objects>")
cfi=~
calls=18 0
1008 0
cfn=send_to_back __main__.py:282
cfi=__main__.py
calls=18 282
1008 7
cfn=map_set_properties /home/magikmw/projekty/warden/main/thirdparty/libtcodpy.py:1451
cfi=/home/magikmw/projekty/warden/main/thirdparty/libtcodpy.py
calls=18 1451
1008 0
cfn=message __main__.py:1079
cfi=__main__.py
calls=18 1079
1008 7

fi=__main__.py
fn=render_bar __main__.py:1056
1056 102
cfn=console_set_default_foreground /home/magikmw/projekty/warden/main/thirdparty/libtcodpy.py:705
cfi=/home/magikmw/projekty/warden/main/thirdparty/libtcodpy.py
calls=2884 705
1056 27
cfn=console_print_ex /home/magikmw/projekty/warden/main/thirdparty/libtcodpy.py:750
cfi=/home/magikmw/projekty/warden/main/thirdparty/libtcodpy.py
calls=1442 750
1056 20
cfn=console_set_default_background /home/magikmw/projekty/warden/main/thirdparty/libtcodpy.py:702
cfi=/home/magikmw/projekty/warden/main/thirdparty/libtcodpy.py
calls=2884 702
1056 25
cfn=console_rect /home/magikmw/projekty/warden/main/thirdparty/libtcodpy.py:762
cfi=/home/magikmw/projekty/warden/main/thirdparty/libtcodpy.py
calls=2884 762
1056 48

fi=__main__.py
fn=message __main__.py:1079
1079 2
cfn=('~', 0, '<len>')
cfi=~
calls=73 0
1079 0
cfn=('~', 0, "<method 'append' of 'list' objects>")
cfi=~
calls=73 0
1079 0
cfn=wrap /usr/lib/python2.7/textwrap.py:335
cfi=/usr/lib/python2.7/textwrap.py
calls=72 335
1079 44

fi=__main__.py
fn=get_names_under_mouse __main__.py:1091
1091 73
cfn=('~', 0, "<method 'capitalize' of 'str' objects>")
cfi=~
calls=721 0
1091 2
cfn=sys_check_for_event /home/magikmw/projekty/warden/main/thirdparty/libtcodpy.py:978
cfi=/home/magikmw/projekty/warden/main/thirdparty/libtcodpy.py
calls=721 978
1091 62
cfn=('~', 0, "<method 'join' of 'str' objects>")
cfi=~
calls=721 0
1091 3
cfn=map_is_in_fov /home/magikmw/projekty/warden/main/thirdparty/libtcodpy.py:1460
cfi=/home/magikmw/projekty/warden/main/thirdparty/libtcodpy.py
calls=399 1460
1091 5

fi=__main__.py
fn=get_names_player_tile __main__.py:1115
1115 7
cfn=('~', 0, "<method 'capitalize' of 'str' objects>")
cfi=~
calls=122 0
1115 0
cfn=('~', 0, "<method 'join' of 'str' objects>")
cfi=~
calls=122 0
1115 0
cfn=map_is_in_fov /home/magikmw/projekty/warden/main/thirdparty/libtcodpy.py:1460
cfi=/home/magikmw/projekty/warden/main/thirdparty/libtcodpy.py
calls=147 1460
1115 2

fi=__main__.py
fn=interest_list __main__.py:1123
1123 104
cfn=map_is_in_fov /home/magikmw/projekty/warden/main/thirdparty/libtcodpy.py:1460
cfi=/home/magikmw/projekty/warden/main/thirdparty/libtcodpy.py
calls=17856 1460
1123 137

fi=__main__.py
fn=menu __main__.py:1153
1153 4
cfn=('~', 0, '<ord>')
cfi=~
calls=34 0
1153 0
cfn=console_new /home/magikmw/projekty/warden/main/thirdparty/libtcodpy.py:823
cfi=/home/magikmw/projekty/warden/main/thirdparty/libtcodpy.py
calls=17 823
1153 0
cfn=console_set_default_foreground /home/magikmw/projekty/warden/main/thirdparty/libtcodpy.py:705
cfi=/home/magikmw/projekty/warden/main/thirdparty/libtcodpy.py
calls=17 705
1153 0
cfn=console_print_ex /home/magikmw/projekty/warden/main/thirdparty/libtcodpy.py:750
cfi=/home/magikmw/projekty/warden/main/thirdparty/libtcodpy.py
calls=68 750
1153 0
cfn=('~', 0, '<len>')
cfi=~
calls=36 0
1153 0
cfn=console_get_height_rect /home/magikmw/projekty/warden/main/thirdparty/libtcodpy.py:759
cfi=/home/magikmw/projekty/warden/main/thirdparty/libtcodpy.py
calls=17 759
1153 0
cfn=console_print_rect_ex /home/magikmw/projekty/warden/main/thirdparty/libtcodpy.py:756
cfi=/home/magikmw/projekty/warden/main/thirdparty/libtcodpy.py
calls=17 756
1153 0
cfn=console_set_default_background /home/magikmw/projekty/warden/main/thirdparty/libtcodpy.py:702
cfi=/home/magikmw/projekty/warden/main/thirdparty/libtcodpy.py
calls=17 702
1153 0
cfn=('~', 0, '<chr>')
cfi=~
calls=100 0
1153 0
cfn=console_blit /home/magikmw/projekty/warden/main/thirdparty/libtcodpy.py:833
cfi=/home/magikmw/projekty/warden/main/thirdparty/libtcodpy.py
calls=17 833
1153 1
cfn=console_flush /home/magikmw/projekty/warden/main/thirdparty/libtcodpy.py:698
cfi=/home/magikmw/projekty/warden/main/thirdparty/libtcodpy.py
calls=17 698
1153 798
cfn=sys_check_for_event /home/magikmw/projekty/warden/main/thirdparty/libtcodpy.py:978
cfi=/home/magikmw/projekty/warden/main/thirdparty/libtcodpy.py
calls=17 978
1153 2
cfn=('~', 0, '<abs>')
cfi=~
calls=34 0
1153 0

fi=__main__.py
fn=make_path_map __main__.py:1336
1336 0
cfn=dijkstra_new /home/magikmw/projekty/warden/main/thirdparty/libtcodpy.py:1540
cfi=/home/magikmw/projekty/warden/main/thirdparty/libtcodpy.py
calls=1 1540
1336 0

fi=__main__.py
fn=random_step __main__.py:1340
1340 78
cfn=random_get_int /home/magikmw/projekty/warden/main/thirdparty/libtcodpy.py:1350
cfi=/home/magikmw/projekty/warden/main/thirdparty/libtcodpy.py
calls=7125 1350
1340 63

fi=__main__.py
fn=main_menu __main__.py:1464
1464 1
cfn=image_load /home/magikmw/projekty/warden/main/thirdparty/libtcodpy.py:1054
cfi=/home/magikmw/projekty/warden/main/thirdparty/libtcodpy.py
calls=1 1054
1464 4
cfn=console_is_window_closed /home/magikmw/projekty/warden/main/thirdparty/libtcodpy.py:683
cfi=/home/magikmw/projekty/warden/main/thirdparty/libtcodpy.py
calls=17 683
1464 0
cfn=image_blit_2x /home/magikmw/projekty/warden/main/thirdparty/libtcodpy.py:1086
cfi=/home/magikmw/projekty/warden/main/thirdparty/libtcodpy.py
calls=17 1086
1464 68
cfn=console_set_default_foreground /home/magikmw/projekty/warden/main/thirdparty/libtcodpy.py:705
cfi=/home/magikmw/projekty/warden/main/thirdparty/libtcodpy.py
calls=17 705
1464 0
cfn=console_print_ex /home/magikmw/projekty/warden/main/thirdparty/libtcodpy.py:750
cfi=/home/magikmw/projekty/warden/main/thirdparty/libtcodpy.py
calls=17 750
1464 0
cfn=menu __main__.py:1153
cfi=__main__.py
calls=17 1153
1464 810
cfn=console_flush /home/magikmw/projekty/warden/main/thirdparty/libtcodpy.py:698
cfi=/home/magikmw/projekty/warden/main/thirdparty/libtcodpy.py
calls=16 698
1464 791
cfn=new_game __main__.py:1491
cfi=__main__.py
calls=1 1491
1464 904
cfn=play_game __main__.py:1577
cfi=__main__.py
calls=1 1577
1464 40398

fi=__main__.py
fn=new_game __main__.py:1491
1491 0
cfn=input_box __main__.py:1618
cfi=__main__.py
calls=1 1618
1491 752
cfn=__init__ __main__.py:298
cfi=__main__.py
calls=1 298
1491 0
cfn=__mul__ /home/magikmw/projekty/warden/main/thirdparty/libtcodpy.py:84
cfi=/home/magikmw/projekty/warden/main/thirdparty/libtcodpy.py
calls=1 84
1491 0
cfn=__init__ __main__.py:198
cfi=__main__.py
calls=1 198
1491 0
cfn=make_map __main__.py:547
cfi=__main__.py
calls=1 547
1491 68
cfn=initialize_fov __main__.py:1557
cfi=__main__.py
calls=1 1557
1491 72
cfn=make_path_map __main__.py:1336
cfi=__main__.py
calls=1 1336
1491 0
cfn=message __main__.py:1079
cfi=__main__.py
calls=3 1079
1491 11

fi=__main__.py
fn=play_game __main__.py:1577
1577 424
cfn=console_is_window_closed /home/magikmw/projekty/warden/main/thirdparty/libtcodpy.py:683
cfi=/home/magikmw/projekty/warden/main/thirdparty/libtcodpy.py
calls=721 683
1577 7
cfn=console_flush /home/magikmw/projekty/warden/main/thirdparty/libtcodpy.py:698
cfi=/home/magikmw/projekty/warden/main/thirdparty/libtcodpy.py
calls=721 698
1577 25475
cfn=render_all __main__.py:715
cfi=__main__.py
calls=721 715
1577 11342
cfn=clear __main__.py:275
cfi=__main__.py
calls=44702 275
1577 1409
cfn=interest_list __main__.py:1123
cfi=__main__.py
calls=144 1123
1577 241
cfn=handle_keys __main__.py:808
cfi=__main__.py
calls=721 808
1577 267
cfn=tire_down __main__.py:366
cfi=__main__.py
calls=143 366
1577 1
cfn=take_turn __main__.py:393
cfi=__main__.py
calls=7212 393
1577 1229

fi=__main__.py
fn=initialize_fov __main__.py:1557
1557 24
cfn=('~', 0, '<range>')
cfi=~
calls=41 0
1557 0
cfn=map_new /home/magikmw/projekty/warden/main/thirdparty/libtcodpy.py:1445
cfi=/home/magikmw/projekty/warden/main/thirdparty/libtcodpy.py
calls=1 1445
1557 0
cfn=map_set_properties /home/magikmw/projekty/warden/main/thirdparty/libtcodpy.py:1451
cfi=/home/magikmw/projekty/warden/main/thirdparty/libtcodpy.py
calls=3200 1451
1557 46
cfn=console_clear /home/magikmw/projekty/warden/main/thirdparty/libtcodpy.py:708
cfi=/home/magikmw/projekty/warden/main/thirdparty/libtcodpy.py
calls=1 708
1557 0

fi=__main__.py
fn=input_box __main__.py:1618
1618 1
cfn=console_new /home/magikmw/projekty/warden/main/thirdparty/libtcodpy.py:823
cfi=/home/magikmw/projekty/warden/main/thirdparty/libtcodpy.py
calls=1 823
1618 0
cfn=console_set_default_foreground /home/magikmw/projekty/warden/main/thirdparty/libtcodpy.py:705
cfi=/home/magikmw/projekty/warden/main/thirdparty/libtcodpy.py
calls=17 705
1618 0
cfn=('~', 0, '<len>')
cfi=~
calls=1 0
1618 0
cfn=console_get_height_rect /home/magikmw/projekty/warden/main/thirdparty/libtcodpy.py:759
cfi=/home/magikmw/projekty/warden/main/thirdparty/libtcodpy.py
calls=1 759
1618 0
cfn=console_print_rect_ex /home/magikmw/projekty/warden/main/thirdparty/libtcodpy.py:756
cfi=/home/magikmw/projekty/warden/main/thirdparty/libtcodpy.py
calls=1 756
1618 0
cfn=console_set_default_background /home/magikmw/projekty/warden/main/thirdparty/libtcodpy.py:702
cfi=/home/magikmw/projekty/warden/main/thirdparty/libtcodpy.py
calls=17 702
1618 0
cfn=console_blit /home/magikmw/projekty/warden/main/thirdparty/libtcodpy.py:833
cfi=/home/magikmw/projekty/warden/main/thirdparty/libtcodpy.py
calls=15 833
1618 1
cfn=console_flush /home/magikmw/projekty/warden/main/thirdparty/libtcodpy.py:698
cfi=/home/magikmw/projekty/warden/main/thirdparty/libtcodpy.py
calls=15 698
1618 746
cfn=sys_check_for_event /home/magikmw/projekty/warden/main/thirdparty/libtcodpy.py:978
cfi=/home/magikmw/projekty/warden/main/thirdparty/libtcodpy.py
calls=16 978
1618 1
cfn=console_put_char /home/magikmw/projekty/warden/main/thirdparty/libtcodpy.py:711
cfi=/home/magikmw/projekty/warden/main/thirdparty/libtcodpy.py
calls=3 711
1618 0

fi=__main__.py
fn=<module> __main__.py:79
79 8
cfn=<module> /home/magikmw/projekty/warden/main/thirdparty/libtcodpy.py:28
cfi=/home/magikmw/projekty/warden/main/thirdparty/libtcodpy.py
calls=1 28
79 158
cfn=('~', 0, '<ord>')
cfi=~
calls=2 0
79 0
cfn=Tile __main__.py:167
cfi=__main__.py
calls=1 167
79 0
cfn=sys_get_current_resolution /home/magikmw/projekty/warden/main/thirdparty/libtcodpy.py:946
cfi=/home/magikmw/projekty/warden/main/thirdparty/libtcodpy.py
calls=1 946
79 0
cfn=console_set_custom_font /home/magikmw/projekty/warden/main/thirdparty/libtcodpy.py:654
cfi=/home/magikmw/projekty/warden/main/thirdparty/libtcodpy.py
calls=1 654
79 5
cfn=Rect __main__.py:178
cfi=__main__.py
calls=1 178
79 0
cfn=Object __main__.py:196
cfi=__main__.py
calls=1 196
79 0
cfn=Fighter __main__.py:297
cfi=__main__.py
calls=1 297
79 0
cfn=Pathfinder __main__.py:387
cfi=__main__.py
calls=1 387
79 0
cfn=ConfusedMonster __main__.py:442
cfi=__main__.py
calls=1 442
79 0
cfn=Item __main__.py:462
cfi=__main__.py
calls=1 462
79 0
cfn=console_init_root /home/magikmw/projekty/warden/main/thirdparty/libtcodpy.py:645
cfi=/home/magikmw/projekty/warden/main/thirdparty/libtcodpy.py
calls=1 645
79 81
cfn=<module> /home/magikmw/projekty/warden/main/thirdparty/__init__.py:1
cfi=/home/magikmw/projekty/warden/main/thirdparty/__init__.py
calls=1 1
79 0
cfn=sys_set_fps /home/magikmw/projekty/warden/main/thirdparty/libtcodpy.py:914
cfi=/home/magikmw/projekty/warden/main/thirdparty/libtcodpy.py
calls=1 914
79 0
cfn=console_new /home/magikmw/projekty/warden/main/thirdparty/libtcodpy.py:823
cfi=/home/magikmw/projekty/warden/main/thirdparty/libtcodpy.py
calls=2 823
79 0
cfn=main_menu __main__.py:1464
cfi=__main__.py
calls=1 1464
79 42982

fi=/home/magikmw/projekty/warden/main/thirdparty/__init__.py
fn=<module> /home/magikmw/projekty/warden/main/thirdparty/__init__.py:1
1 0

fi=/home/magikmw/projekty/warden/main/thirdparty/libtcodpy.py
fn=__mul__ /home/magikmw/projekty/warden/main/thirdparty/libtcodpy.py:84
84 95
cfn=('~', 0, '<isinstance>')
cfi=~
calls=4848 0
84 39

fi=/home/magikmw/projekty/warden/main/thirdparty/libtcodpy.py
fn=Color /home/magikmw/projekty/warden/main/thirdparty/libtcodpy.py:75
75 0

fi=/home/magikmw/projekty/warden/main/thirdparty/libtcodpy.py
fn=Key /home/magikmw/projekty/warden/main/thirdparty/libtcodpy.py:372
372 0

fi=<string>
fn=<module> <string>:1
1 0
cfn=('~', 0, '<execfile>')
cfi=~
calls=1 0
1 43295

fi=/usr/lib/python2.7/textwrap.py
fn=__init__ /usr/lib/python2.7/textwrap.py:107
107 2
cfn=compile /usr/lib/python2.7/re.py:188
cfi=/usr/lib/python2.7/re.py
calls=144 188
107 13

fi=/usr/lib/python2.7/textwrap.py
fn=_munge_whitespace /usr/lib/python2.7/textwrap.py:138
138 1
cfn=('~', 0, '<isinstance>')
cfi=~
calls=72 0
138 0
cfn=('~', 0, "<method 'translate' of 'str' objects>")
cfi=~
calls=72 0
138 0
cfn=('~', 0, "<method 'expandtabs' of 'str' objects>")
cfi=~
calls=72 0
138 0

fi=/usr/lib/python2.7/textwrap.py
fn=_split /usr/lib/python2.7/textwrap.py:155
155 1
cfn=('~', 0, '<isinstance>')
cfi=~
calls=72 0
155 0
cfn=('~', 0, '<filter>')
cfi=~
calls=72 0
155 0
cfn=('~', 0, "<method 'split' of '_sre.SRE_Pattern' objects>")
cfi=~
calls=72 0
155 5

fi=/usr/lib/python2.7/textwrap.py
fn=_wrap_chunks /usr/lib/python2.7/textwrap.py:235
235 9
cfn=('~', 0, '<len>')
cfi=~
calls=692 0
235 1
cfn=('~', 0, "<method 'append' of 'list' objects>")
cfi=~
calls=690 0
235 1
cfn=('~', 0, "<method 'reverse' of 'list' objects>")
cfi=~
calls=72 0
235 0
cfn=('~', 0, "<method 'strip' of 'str' objects>")
cfi=~
calls=146 0
235 0
cfn=('~', 0, "<method 'pop' of 'list' objects>")
cfi=~
calls=617 0
235 1
cfn=('~', 0, "<method 'join' of 'str' objects>")
cfi=~
calls=73 0
235 0

fi=/usr/lib/python2.7/textwrap.py
fn=wrap /usr/lib/python2.7/textwrap.py:308
308 1
cfn=_wrap_chunks /usr/lib/python2.7/textwrap.py:235
cfi=/usr/lib/python2.7/textwrap.py
calls=72 235
308 15
cfn=_munge_whitespace /usr/lib/python2.7/textwrap.py:138
cfi=/usr/lib/python2.7/textwrap.py
calls=72 138
308 2
cfn=_split /usr/lib/python2.7/textwrap.py:155
cfi=/usr/lib/python2.7/textwrap.py
calls=72 155
308 8

fi=/usr/lib/python2.7/textwrap.py
fn=wrap /usr/lib/python2.7/textwrap.py:335
335 1
cfn=__init__ /usr/lib/python2.7/textwrap.py:107
cfi=/usr/lib/python2.7/textwrap.py
calls=72 107
335 15
cfn=wrap /usr/lib/python2.7/textwrap.py:308
cfi=/usr/lib/python2.7/textwrap.py
calls=72 308
335 27

fi=/home/magikmw/projekty/warden/main/thirdparty/libtcodpy.py
fn=ConsoleBuffer /home/magikmw/projekty/warden/main/thirdparty/libtcodpy.py:383
383 0

fi=/home/magikmw/projekty/warden/main/thirdparty/libtcodpy.py
fn=console_init_root /home/magikmw/projekty/warden/main/thirdparty/libtcodpy.py:645
645 81
cfn=__getattr__ /usr/lib/python2.7/ctypes/__init__.py:363
cfi=/usr/lib/python2.7/ctypes/__init__.py
calls=1 363
645 0

fi=/home/magikmw/projekty/warden/main/thirdparty/libtcodpy.py
fn=console_set_custom_font /home/magikmw/projekty/warden/main/thirdparty/libtcodpy.py:654
654 5

fi=/home/magikmw/projekty/warden/main/thirdparty/libtcodpy.py
fn=console_is_window_closed /home/magikmw/projekty/warden/main/thirdparty/libtcodpy.py:683
683 7

fi=/home/magikmw/projekty/warden/main/thirdparty/libtcodpy.py
fn=console_flush /home/magikmw/projekty/warden/main/thirdparty/libtcodpy.py:698
698 27810
cfn=__getattr__ /usr/lib/python2.7/ctypes/__init__.py:363
cfi=/usr/lib/python2.7/ctypes/__init__.py
calls=1 363
698 0

fi=/home/magikmw/projekty/warden/main/thirdparty/libtcodpy.py
fn=console_set_default_background /home/magikmw/projekty/warden/main/thirdparty/libtcodpy.py:702
702 35
cfn=__getattr__ /usr/lib/python2.7/ctypes/__init__.py:363
cfi=/usr/lib/python2.7/ctypes/__init__.py
calls=1 363
702 0

fi=/home/magikmw/projekty/warden/main/thirdparty/libtcodpy.py
fn=console_set_default_foreground /home/magikmw/projekty/warden/main/thirdparty/libtcodpy.py:705
705 175
cfn=__getattr__ /usr/lib/python2.7/ctypes/__init__.py:363
cfi=/usr/lib/python2.7/ctypes/__init__.py
calls=1 363
705 0

fi=/home/magikmw/projekty/warden/main/thirdparty/libtcodpy.py
fn=console_clear /home/magikmw/projekty/warden/main/thirdparty/libtcodpy.py:708
708 28
cfn=__getattr__ /usr/lib/python2.7/ctypes/__init__.py:363
cfi=/usr/lib/python2.7/ctypes/__init__.py
calls=1 363
708 0

fi=/home/magikmw/projekty/warden/main/thirdparty/libtcodpy.py
fn=console_put_char /home/magikmw/projekty/warden/main/thirdparty/libtcodpy.py:711
711 122
cfn=__getattr__ /usr/lib/python2.7/ctypes/__init__.py:363
cfi=/usr/lib/python2.7/ctypes/__init__.py
calls=1 363
711 0
cfn=('~', 0, '<ord>')
cfi=~
calls=7758 0
711 19

fi=/home/magikmw/projekty/warden/main/thirdparty/libtcodpy.py
fn=console_put_char_ex /home/magikmw/projekty/warden/main/thirdparty/libtcodpy.py:717
717 758
cfn=__getattr__ /usr/lib/python2.7/ctypes/__init__.py:363
cfi=/usr/lib/python2.7/ctypes/__init__.py
calls=1 363
717 0
cfn=('~', 0, '<ord>')
cfi=~
calls=47765 0
717 111

fi=/home/magikmw/projekty/warden/main/thirdparty/libtcodpy.py
fn=console_print_ex /home/magikmw/projekty/warden/main/thirdparty/libtcodpy.py:750
750 145
cfn=__getattr__ /usr/lib/python2.7/ctypes/__init__.py:363
cfi=/usr/lib/python2.7/ctypes/__init__.py
calls=1 363
750 0

fi=/home/magikmw/projekty/warden/main/thirdparty/libtcodpy.py
fn=console_print_rect_ex /home/magikmw/projekty/warden/main/thirdparty/libtcodpy.py:756
756 0
cfn=__getattr__ /usr/lib/python2.7/ctypes/__init__.py:363
cfi=/usr/lib/python2.7/ctypes/__init__.py
calls=1 363
756 0

fi=/home/magikmw/projekty/warden/main/thirdparty/libtcodpy.py
fn=console_get_height_rect /home/magikmw/projekty/warden/main/thirdparty/libtcodpy.py:759
759 0
cfn=__getattr__ /usr/lib/python2.7/ctypes/__init__.py:363
cfi=/usr/lib/python2.7/ctypes/__init__.py
calls=1 363
759 0

fi=/home/magikmw/projekty/warden/main/thirdparty/libtcodpy.py
fn=console_rect /home/magikmw/projekty/warden/main/thirdparty/libtcodpy.py:762
762 47
cfn=__getattr__ /usr/lib/python2.7/ctypes/__init__.py:363
cfi=/usr/lib/python2.7/ctypes/__init__.py
calls=1 363
762 0

fi=/home/magikmw/projekty/warden/main/thirdparty/libtcodpy.py
fn=console_hline /home/magikmw/projekty/warden/main/thirdparty/libtcodpy.py:765
765 13
cfn=__getattr__ /usr/lib/python2.7/ctypes/__init__.py:363
cfi=/usr/lib/python2.7/ctypes/__init__.py
calls=1 363
765 0

fi=/home/magikmw/projekty/warden/main/thirdparty/libtcodpy.py
fn=console_check_for_keypress /home/magikmw/projekty/warden/main/thirdparty/libtcodpy.py:808
808 69
cfn=__getattr__ /usr/lib/python2.7/ctypes/__init__.py:363
cfi=/usr/lib/python2.7/ctypes/__init__.py
calls=1 363
808 0
cfn=('~', 0, '<_ctypes.byref>')
cfi=~
calls=721 0
808 3

fi=/home/magikmw/projekty/warden/main/thirdparty/libtcodpy.py
fn=console_new /home/magikmw/projekty/warden/main/thirdparty/libtcodpy.py:823
823 0
cfn=__getattr__ /usr/lib/python2.7/ctypes/__init__.py:363
cfi=/usr/lib/python2.7/ctypes/__init__.py
calls=1 363
823 0

fi=/home/magikmw/projekty/warden/main/thirdparty/libtcodpy.py
fn=console_blit /home/magikmw/projekty/warden/main/thirdparty/libtcodpy.py:833
833 444
cfn=__getattr__ /usr/lib/python2.7/ctypes/__init__.py:363
cfi=/usr/lib/python2.7/ctypes/__init__.py
calls=1 363
833 0

fi=/home/magikmw/projekty/warden/main/thirdparty/libtcodpy.py
fn=sys_set_fps /home/magikmw/projekty/warden/main/thirdparty/libtcodpy.py:914
914 0
cfn=__getattr__ /usr/lib/python2.7/ctypes/__init__.py:363
cfi=/usr/lib/python2.7/ctypes/__init__.py
calls=1 363
914 0

fi=/home/magikmw/projekty/warden/main/thirdparty/libtcodpy.py
fn=sys_get_current_resolution /home/magikmw/projekty/warden/main/thirdparty/libtcodpy.py:946
946 0
cfn=__getattr__ /usr/lib/python2.7/ctypes/__init__.py:363
cfi=/usr/lib/python2.7/ctypes/__init__.py
calls=1 363
946 0
cfn=('~', 0, '<_ctypes.byref>')
cfi=~
calls=2 0
946 0

fi=/home/magikmw/projekty/warden/main/thirdparty/libtcodpy.py
fn=sys_check_for_event /home/magikmw/projekty/warden/main/thirdparty/libtcodpy.py:978
978 61
cfn=__getattr__ /usr/lib/python2.7/ctypes/__init__.py:363
cfi=/usr/lib/python2.7/ctypes/__init__.py
calls=1 363
978 0
cfn=('~', 0, '<_ctypes.byref>')
cfi=~
calls=1508 0
978 4

fi=/home/magikmw/projekty/warden/main/thirdparty/libtcodpy.py
fn=image_load /home/magikmw/projekty/warden/main/thirdparty/libtcodpy.py:1054
1054 4
cfn=__getattr__ /usr/lib/python2.7/ctypes/__init__.py:363
cfi=/usr/lib/python2.7/ctypes/__init__.py
calls=1 363
1054 0

fi=/usr/lib/python2.7/re.py
fn=compile /usr/lib/python2.7/re.py:188
188 1
cfn=_compile /usr/lib/python2.7/re.py:228
cfi=/usr/lib/python2.7/re.py
calls=144 228
188 12

fi=/usr/lib/python2.7/re.py
fn=_compile /usr/lib/python2.7/re.py:228
228 1
cfn=('~', 0, '<isinstance>')
cfi=~
calls=2 0
228 0
cfn=('~', 0, '<len>')
cfi=~
calls=2 0
228 0
cfn=('~', 0, "<method 'get' of 'dict' objects>")
cfi=~
calls=144 0
228 0
cfn=isstring /usr/lib/python2.7/sre_compile.py:474
cfi=/usr/lib/python2.7/sre_compile.py
calls=2 474
228 0
cfn=compile /usr/lib/python2.7/sre_compile.py:495
cfi=/usr/lib/python2.7/sre_compile.py
calls=2 495
228 9

fi=/usr/lib/python2.7/sre_compile.py
fn=_identityfunction /usr/lib/python2.7/sre_compile.py:24
24 0

fi=/usr/lib/python2.7/sre_compile.py
fn=_compile /usr/lib/python2.7/sre_compile.py:32
32 1
cfn=_simple /usr/lib/python2.7/sre_compile.py:354
cfi=/usr/lib/python2.7/sre_compile.py
calls=6 354
32 0
cfn=_compile_charset /usr/lib/python2.7/sre_compile.py:178
cfi=/usr/lib/python2.7/sre_compile.py
calls=9 178
32 0
cfn=('~', 0, '<len>')
cfi=~
calls=48 0
32 0
cfn=('~', 0, "<method 'append' of 'list' objects>")
cfi=~
calls=86 0
32 0
cfn=__getitem__ /usr/lib/python2.7/sre_parse.py:130
cfi=/usr/lib/python2.7/sre_parse.py
calls=35 130
32 0
cfn=getwidth /usr/lib/python2.7/sre_parse.py:140
cfi=/usr/lib/python2.7/sre_parse.py
calls=1 140
32 0
cfn=_compile /usr/lib/python2.7/sre_compile.py:32
cfi=/usr/lib/python2.7/sre_compile.py
calls=14 32
32 3

fi=/usr/lib/python2.7/sre_compile.py
fn=_compile_charset /usr/lib/python2.7/sre_compile.py:178
178 0
cfn=_optimize_charset /usr/lib/python2.7/sre_compile.py:207
cfi=/usr/lib/python2.7/sre_compile.py
calls=9 207
178 0
cfn=('~', 0, "<method 'append' of 'list' objects>")
cfi=~
calls=52 0
178 0
cfn=_identityfunction /usr/lib/python2.7/sre_compile.py:24
cfi=/usr/lib/python2.7/sre_compile.py
calls=11 24
178 0

fi=/usr/lib/python2.7/sre_compile.py
fn=_optimize_charset /usr/lib/python2.7/sre_compile.py:207
207 0
cfn=('~', 0, '<range>')
cfi=~
calls=2 0
207 0
cfn=('~', 0, "<method 'append' of 'list' objects>")
cfi=~
calls=3 0
207 0
cfn=_identityfunction /usr/lib/python2.7/sre_compile.py:24
cfi=/usr/lib/python2.7/sre_compile.py
calls=4 24
207 0

fi=/usr/lib/python2.7/sre_compile.py
fn=_simple /usr/lib/python2.7/sre_compile.py:354
354 0
cfn=__getitem__ /usr/lib/python2.7/sre_parse.py:130
cfi=/usr/lib/python2.7/sre_parse.py
calls=6 130
354 0
cfn=getwidth /usr/lib/python2.7/sre_parse.py:140
cfi=/usr/lib/python2.7/sre_parse.py
calls=6 140
354 0

fi=/usr/lib/python2.7/sre_compile.py
fn=_compile_info /usr/lib/python2.7/sre_compile.py:361
361 0
cfn=('~', 0, '<len>')
cfi=~
calls=6 0
361 0
cfn=('~', 0, "<method 'append' of 'list' objects>")
cfi=~
calls=10 0
361 0
cfn=__len__ /usr/lib/python2.7/sre_parse.py:126
cfi=/usr/lib/python2.7/sre_parse.py
calls=3 126
361 0
cfn=__getitem__ /usr/lib/python2.7/sre_parse.py:130
cfi=/usr/lib/python2.7/sre_parse.py
calls=5 130
361 0
cfn=getwidth /usr/lib/python2.7/sre_parse.py:140
cfi=/usr/lib/python2.7/sre_parse.py
calls=2 140
361 0

fi=/usr/lib/python2.7/sre_compile.py
fn=isstring /usr/lib/python2.7/sre_compile.py:474
474 0
cfn=('~', 0, '<isinstance>')
cfi=~
calls=4 0
474 0

fi=/usr/lib/python2.7/sre_compile.py
fn=_code /usr/lib/python2.7/sre_compile.py:480
480 0
cfn=('~', 0, "<method 'append' of 'list' objects>")
cfi=~
calls=2 0
480 0
cfn=_compile_info /usr/lib/python2.7/sre_compile.py:361
cfi=/usr/lib/python2.7/sre_compile.py
calls=2 361
480 1
cfn=_compile /usr/lib/python2.7/sre_compile.py:32
cfi=/usr/lib/python2.7/sre_compile.py
calls=2 32
480 3

fi=/usr/lib/python2.7/sre_compile.py
fn=compile /usr/lib/python2.7/sre_compile.py:495
495 0
cfn=isstring /usr/lib/python2.7/sre_compile.py:474
cfi=/usr/lib/python2.7/sre_compile.py
calls=2 474
495 0
cfn=parse /usr/lib/python2.7/sre_parse.py:663
cfi=/usr/lib/python2.7/sre_parse.py
calls=2 663
495 5
cfn=_code /usr/lib/python2.7/sre_compile.py:480
cfi=/usr/lib/python2.7/sre_compile.py
calls=2 480
495 4
cfn=('~', 0, "<method 'items' of 'dict' objects>")
cfi=~
calls=2 0
495 0
cfn=('~', 0, '<_sre.compile>')
cfi=~
calls=2 0
495 0

fi=/usr/lib/python2.7/sre_parse.py
fn=__init__ /usr/lib/python2.7/sre_parse.py:67
67 0

fi=/usr/lib/python2.7/sre_parse.py
fn=opengroup /usr/lib/python2.7/sre_parse.py:72
72 0
cfn=('~', 0, "<method 'append' of 'list' objects>")
cfi=~
calls=2 0
72 0

fi=/usr/lib/python2.7/sre_parse.py
fn=closegroup /usr/lib/python2.7/sre_parse.py:83
83 0
cfn=('~', 0, "<method 'remove' of 'list' objects>")
cfi=~
calls=2 0
83 0

fi=/usr/lib/python2.7/sre_parse.py
fn=__init__ /usr/lib/python2.7/sre_parse.py:90
90 0

fi=/usr/lib/python2.7/sre_parse.py
fn=__len__ /usr/lib/python2.7/sre_parse.py:126
126 0
cfn=('~', 0, '<len>')
cfi=~
calls=32 0
126 0

fi=/usr/lib/python2.7/sre_parse.py
fn=__getitem__ /usr/lib/python2.7/sre_parse.py:130
130 0
cfn=('~', 0, '<isinstance>')
cfi=~
calls=67 0
130 0
cfn=__init__ /usr/lib/python2.7/sre_parse.py:90
cfi=/usr/lib/python2.7/sre_parse.py
calls=6 90
130 0

fi=/usr/lib/python2.7/sre_parse.py
fn=__setitem__ /usr/lib/python2.7/sre_parse.py:134
134 0

fi=/usr/lib/python2.7/sre_parse.py
fn=append /usr/lib/python2.7/sre_parse.py:138
138 0
cfn=('~', 0, "<method 'append' of 'list' objects>")
cfi=~
calls=17 0
138 0

fi=/usr/lib/python2.7/sre_parse.py
fn=getwidth /usr/lib/python2.7/sre_parse.py:140
140 0
cfn=('~', 0, '<min>')
cfi=~
calls=31 0
140 0
cfn=('~', 0, '<max>')
cfi=~
calls=3 0
140 0
cfn=getwidth /usr/lib/python2.7/sre_parse.py:140
cfi=/usr/lib/python2.7/sre_parse.py
calls=10 140
140 0

fi=/usr/lib/python2.7/sre_parse.py
fn=__init__ /usr/lib/python2.7/sre_parse.py:178
178 0
cfn=__next /usr/lib/python2.7/sre_parse.py:182
cfi=/usr/lib/python2.7/sre_parse.py
calls=2 182
178 0

fi=/usr/lib/python2.7/sre_parse.py
fn=__next /usr/lib/python2.7/sre_parse.py:182
182 0
cfn=('~', 0, '<len>')
cfi=~
calls=134 0
182 0

fi=/usr/lib/python2.7/sre_parse.py
fn=get /usr/lib/python2.7/sre_parse.py:201
201 0
cfn=__next /usr/lib/python2.7/sre_parse.py:182
cfi=/usr/lib/python2.7/sre_parse.py
calls=51 182
201 0

fi=/usr/lib/python2.7/sre_parse.py
fn=match /usr/lib/python2.7/sre_parse.py:195
195 0
cfn=__next /usr/lib/python2.7/sre_parse.py:182
cfi=/usr/lib/python2.7/sre_parse.py
calls=17 182
195 0

fi=/usr/lib/python2.7/sre_parse.py
fn=tell /usr/lib/python2.7/sre_parse.py:205
205 0

fi=/usr/lib/python2.7/sre_parse.py
fn=_class_escape /usr/lib/python2.7/sre_parse.py:225
225 0
cfn=('~', 0, '<ord>')
cfi=~
calls=7 0
225 0
cfn=('~', 0, '<len>')
cfi=~
calls=7 0
225 0
cfn=('~', 0, "<method 'get' of 'dict' objects>")
cfi=~
calls=24 0
225 0

fi=/usr/lib/python2.7/sre_parse.py
fn=_escape /usr/lib/python2.7/sre_parse.py:257
257 0
cfn=('~', 0, "<method 'get' of 'dict' objects>")
cfi=~
calls=5 0
257 0

fi=/usr/lib/python2.7/sre_parse.py
fn=_parse_sub /usr/lib/python2.7/sre_parse.py:301
301 0
cfn=('~', 0, '<len>')
cfi=~
calls=8 0
301 0
cfn=('~', 0, "<method 'append' of 'list' objects>")
cfi=~
calls=9 0
301 0
cfn=_parse /usr/lib/python2.7/sre_parse.py:379
cfi=/usr/lib/python2.7/sre_parse.py
calls=9 379
301 4
cfn=__init__ /usr/lib/python2.7/sre_parse.py:90
cfi=/usr/lib/python2.7/sre_parse.py
calls=1 90
301 0
cfn=match /usr/lib/python2.7/sre_parse.py:195
cfi=/usr/lib/python2.7/sre_parse.py
calls=14 195
301 0
cfn=append /usr/lib/python2.7/sre_parse.py:138
cfi=/usr/lib/python2.7/sre_parse.py
calls=1 138
301 0
cfn=__len__ /usr/lib/python2.7/sre_parse.py:126
cfi=/usr/lib/python2.7/sre_parse.py
calls=2 126
301 0
cfn=__getitem__ /usr/lib/python2.7/sre_parse.py:130
cfi=/usr/lib/python2.7/sre_parse.py
calls=3 130
301 0

fi=/usr/lib/python2.7/sre_parse.py
fn=_parse /usr/lib/python2.7/sre_parse.py:379
379 1
cfn=('~', 0, '<ord>')
cfi=~
calls=6 0
379 0
cfn=('~', 0, '<len>')
cfi=~
calls=14 0
379 0
cfn=('~', 0, "<method 'append' of 'list' objects>")
cfi=~
calls=17 0
379 0
cfn=_parse_sub /usr/lib/python2.7/sre_parse.py:301
cfi=/usr/lib/python2.7/sre_parse.py
calls=5 301
379 4
cfn=__init__ /usr/lib/python2.7/sre_parse.py:90
cfi=/usr/lib/python2.7/sre_parse.py
calls=9 90
379 0
cfn=get /usr/lib/python2.7/sre_parse.py:201
cfi=/usr/lib/python2.7/sre_parse.py
calls=49 201
379 1
cfn=match /usr/lib/python2.7/sre_parse.py:195
cfi=/usr/lib/python2.7/sre_parse.py
calls=45 195
379 0
cfn=opengroup /usr/lib/python2.7/sre_parse.py:72
cfi=/usr/lib/python2.7/sre_parse.py
calls=2 72
379 0
cfn=_escape /usr/lib/python2.7/sre_parse.py:257
cfi=/usr/lib/python2.7/sre_parse.py
calls=5 257
379 0
cfn=append /usr/lib/python2.7/sre_parse.py:138
cfi=/usr/lib/python2.7/sre_parse.py
calls=16 138
379 0
cfn=__len__ /usr/lib/python2.7/sre_parse.py:126
cfi=/usr/lib/python2.7/sre_parse.py
calls=18 126
379 0
cfn=__getitem__ /usr/lib/python2.7/sre_parse.py:130
cfi=/usr/lib/python2.7/sre_parse.py
calls=18 130
379 0
cfn=__setitem__ /usr/lib/python2.7/sre_parse.py:134
cfi=/usr/lib/python2.7/sre_parse.py
calls=6 134
379 0
cfn=_class_escape /usr/lib/python2.7/sre_parse.py:225
cfi=/usr/lib/python2.7/sre_parse.py
calls=12 225
379 0
cfn=tell /usr/lib/python2.7/sre_parse.py:205
cfi=/usr/lib/python2.7/sre_parse.py
calls=1 205
379 0
cfn=closegroup /usr/lib/python2.7/sre_parse.py:83
cfi=/usr/lib/python2.7/sre_parse.py
calls=2 83
379 0

fi=/usr/lib/python2.7/sre_parse.py
fn=parse /usr/lib/python2.7/sre_parse.py:663
663 0
cfn=__init__ /usr/lib/python2.7/sre_parse.py:178
cfi=/usr/lib/python2.7/sre_parse.py
calls=2 178
663 0
cfn=__init__ /usr/lib/python2.7/sre_parse.py:67
cfi=/usr/lib/python2.7/sre_parse.py
calls=2 67
663 0
cfn=_parse_sub /usr/lib/python2.7/sre_parse.py:301
cfi=/usr/lib/python2.7/sre_parse.py
calls=2 301
663 4
cfn=get /usr/lib/python2.7/sre_parse.py:201
cfi=/usr/lib/python2.7/sre_parse.py
calls=2 201
663 0

fi=__main__.py
fn=__init__ __main__.py:169
169 15

fi=~
fn=('~', 0, "<method 'write' of 'file' objects>")
0  0

fi=~
fn=('~', 0, "<method 'close' of 'file' objects>")
0  0

fi=~
fn=('~', 0, "<method 'append' of 'list' objects>")
0  2

fi=~
fn=('~', 0, "<method 'insert' of 'list' objects>")
0  0

fi=~
fn=('~', 0, "<method 'pop' of 'list' objects>")
0  1

fi=~
fn=('~', 0, "<method 'remove' of 'list' objects>")
0  8

fi=~
fn=('~', 0, "<method 'reverse' of 'list' objects>")
0  0

fi=~
fn=('~', 0, "<method 'get' of 'dict' objects>")
0  0

fi=~
fn=('~', 0, "<method 'pop' of 'dict' objects>")
0  0

fi=~
fn=('~', 0, "<method 'items' of 'dict' objects>")
0  0

fi=~
fn=('~', 0, "<method 'join' of 'str' objects>")
0  4

fi=~
fn=('~', 0, "<method 'capitalize' of 'str' objects>")
0  5

fi=~
fn=('~', 0, "<method 'find' of 'str' objects>")
0  0

fi=~
fn=('~', 0, "<method 'startswith' of 'str' objects>")
0  0

fi=~
fn=('~', 0, "<method 'strip' of 'str' objects>")
0  0

fi=~
fn=('~', 0, "<method 'translate' of 'str' objects>")
0  0

fi=~
fn=('~', 0, "<method 'expandtabs' of 'str' objects>")
0  0

fi=~
fn=('~', 0, '<abs>')
0  0

fi=~
fn=('~', 0, '<chr>')
0  7

fi=~
fn=('~', 0, '<execfile>')
0  57
cfn=<module> __main__.py:79
cfi=__main__.py
calls=1 79
0 43237

fi=~
fn=('~', 0, '<filter>')
0  0

fi=~
fn=('~', 0, '<getattr>')
0  0
cfn=__getattr__ /usr/lib/python2.7/ctypes/__init__.py:420
cfi=/usr/lib/python2.7/ctypes/__init__.py
calls=1 420
0 118

fi=~
fn=('~', 0, '<hasattr>')
0  0

fi=~
fn=('~', 0, '<isinstance>')
0  41

fi=~
fn=('~', 0, '<len>')
0  5
cfn=__len__ /usr/lib/python2.7/sre_parse.py:126
cfi=/usr/lib/python2.7/sre_parse.py
calls=9 126
0 0

fi=~
fn=('~', 0, '<max>')
0  0

fi=~
fn=('~', 0, '<min>')
0  0

fi=~
fn=('~', 0, '<open>')
0  0

fi=~
fn=('~', 0, '<ord>')
0  131

fi=~
fn=('~', 0, '<range>')
0  87

fi=~
fn=('~', 0, '<round>')
0  2

fi=~
fn=('~', 0, '<setattr>')
0  0

fi=~
fn=('~', 0, '<_sre.compile>')
0  0

fi=~
fn=('~', 0, "<method 'split' of '_sre.SRE_Pattern' objects>")
0  5

